

================
Now running: source-extractor -c anet.control img.fits

[1M> 
[1A----- Source Extractor 2.25.0 started on 2022-11-28 at 20:23:52 with 1 thread

[1M> Setting catalog parameters
[1A[1M> Reading detection filter
[1A[1M> Initializing catalog
[1A[1M> Looking for img.fits
[1A----- Measuring from: img.fits
      "Dark20160904" / no ext. header / 1528x1528 / 16 bits (integers)
Detection+Measurement image: [1M> Setting up background maps
[1A[1M> Setting up background map at line:   64
[1A[1M> Setting up background map at line:  128
[1A[1M> Setting up background map at line:  192
[1A[1M> Setting up background map at line:  256
[1A[1M> Setting up background map at line:  320
[1A[1M> Setting up background map at line:  384
[1A[1M> Setting up background map at line:  448
[1A[1M> Setting up background map at line:  512
[1A[1M> Setting up background map at line:  576
[1A[1M> Setting up background map at line:  640
[1A[1M> Setting up background map at line:  704
[1A[1M> Setting up background map at line:  768
[1A[1M> Setting up background map at line:  832
[1A[1M> Setting up background map at line:  896
[1A[1M> Setting up background map at line:  960
[1A[1M> Setting up background map at line: 1024
[1A[1M> Setting up background map at line: 1088
[1A[1M> Setting up background map at line: 1152
[1A[1M> Setting up background map at line: 1216
[1A[1M> Setting up background map at line: 1280
[1A[1M> Setting up background map at line: 1344
[1A[1M> Setting up background map at line: 1408
[1A[1M> Setting up background map at line: 1472
[1A[1M> Filtering background map(s)
[1A[1M> Computing background d-map
[1A[1M> Computing background-noise d-map
[1A(M+D) Background: 4053.71    RMS: 56.121     / Threshold: 168.363    
[1M> Scanning image
[1A[1M> Line:   25  Objects:        0 detected /        0 sextracted
[1A[1M> Line:   50  Objects:        0 detected /        0 sextracted
[1A[1M> Line:   75  Objects:        3 detected /        0 sextracted
[1A[1M> Line:  100  Objects:        3 detected /        0 sextracted
[1A[1M> Line:  125  Objects:        3 detected /        0 sextracted
[1A[1M> Line:  150  Objects:        4 detected /        0 sextracted
[1A[1M> Line:  175  Objects:        5 detected /        0 sextracted
[1A[1M> Line:  200  Objects:        6 detected /        0 sextracted
[1A[1M> Line:  225  Objects:        7 detected /        0 sextracted
[1A[1M> Line:  250  Objects:        9 detected /        0 sextracted
[1A[1M> Line:  275  Objects:       10 detected /        0 sextracted
[1A[1M> Line:  300  Objects:       10 detected /        0 sextracted
[1A[1M> Line:  325  Objects:       11 detected /        0 sextracted
[1A[1M> Line:  350  Objects:       12 detected /        0 sextracted
[1A[1M> Line:  375  Objects:       13 detected /        0 sextracted
[1A[1M> Line:  400  Objects:       14 detected /        0 sextracted
[1A[1M> Line:  425  Objects:       16 detected /        0 sextracted
[1A[1M> Line:  450  Objects:       17 detected /        0 sextracted
[1A[1M> Line:  475  Objects:       19 detected /        0 sextracted
[1A[1M> Line:  500  Objects:       20 detected /        0 sextracted
[1A[1M> Line:  525  Objects:       21 detected /        0 sextracted
[1A[1M> Line:  550  Objects:       24 detected /        0 sextracted
[1A[1M> Line:  575  Objects:       25 detected /        0 sextracted
[1A[1M> Line:  600  Objects:       25 detected /        0 sextracted
[1A[1M> Line:  625  Objects:       25 detected /        0 sextracted
[1A[1M> Line:  650  Objects:       27 detected /        0 sextracted
[1A[1M> Line:  675  Objects:       35 detected /        0 sextracted
[1A[1M> Line:  700  Objects:       36 detected /        0 sextracted
[1A[1M> Line:  725  Objects:       37 detected /        0 sextracted
[1A[1M> Line:  750  Objects:       37 detected /        0 sextracted
[1A[1M> Line:  775  Objects:       37 detected /        0 sextracted
[1A[1M> Line:  800  Objects:       38 detected /        0 sextracted
[1A[1M> Line:  825  Objects:       38 detected /        0 sextracted
[1A[1M> Line:  850  Objects:       40 detected /        0 sextracted
[1A[1M> Line:  875  Objects:       49 detected /        0 sextracted
[1A[1M> Line:  900  Objects:       51 detected /        0 sextracted
[1A[1M> Line:  925  Objects:       52 detected /        0 sextracted
[1A[1M> Line:  950  Objects:       52 detected /        0 sextracted
[1A[1M> Line:  975  Objects:       52 detected /        0 sextracted
[1A[1M> Line: 1000  Objects:       53 detected /        0 sextracted
[1A[1M> Line: 1025  Objects:       53 detected /        0 sextracted
[1A[1M> Line: 1029  Objects:       53 detected /        0 sextracted
[1A[1M> Line: 1050  Objects:       53 detected /        1 sextracted
[1A[1M> Line: 1075  Objects:       53 detected /        2 sextracted
[1A[1M> Line: 1100  Objects:       53 detected /        2 sextracted
[1A[1M> Line: 1125  Objects:       57 detected /        2 sextracted
[1A[1M> Line: 1150  Objects:       58 detected /        3 sextracted
[1A[1M> Line: 1175  Objects:       58 detected /        4 sextracted
[1A[1M> Line: 1200  Objects:       59 detected /        5 sextracted
[1A[1M> Line: 1225  Objects:       61 detected /        6 sextracted
[1A[1M> Line: 1250  Objects:       61 detected /        8 sextracted
[1A[1M> Line: 1275  Objects:       62 detected /        9 sextracted
[1A[1M> Line: 1300  Objects:       62 detected /        9 sextracted
[1A[1M> Line: 1325  Objects:       62 detected /       11 sextracted
[1A[1M> Line: 1350  Objects:       62 detected /       11 sextracted
[1A[1M> Line: 1375  Objects:       64 detected /       12 sextracted
[1A[1M> Line: 1400  Objects:       65 detected /       13 sextracted
[1A[1M> Line: 1425  Objects:       66 detected /       15 sextracted
[1A[1M> Line: 1450  Objects:       68 detected /       16 sextracted
[1A[1M> Line: 1475  Objects:       69 detected /       18 sextracted
[1A[1M> Line: 1500  Objects:       69 detected /       19 sextracted
[1A[1M> Line: 1525  Objects:       70 detected /       20 sextracted
[1A      Objects: detected 70       / sextracted 57              

[1M> Closing files
[1A[1M> 
[1A> All done (in 0.1 s: 15761.9 lines/s , 588.0 detections/s)


================
Now running: solve-field --continue --x-column X_IMAGE --y-column Y_IMAGE --sort-column FLUX_AUTO --use-source-extractor --width 1528 --height 1528 -v --backend-config backend.cfg --no-plots --cpulimit 120 --fields 1 --scale-low 2 --scale-high 4 --scale-units app --depth 100 img.axy

Reading input file 1 of 1: "img.axy"...
Base: "./img", basefile "img.axy", basedir ".", suffix "axy"
Checking if file "img.axy" ext 0 is xylist or image: xyls
Removing lines of (spurious) sources from xylist "img.axy", writing to "/tmp/tmp.removelines.esDpsm"
Running: /usr/bin/python3 -m astrometry.util.removelines -X X_IMAGE -Y Y_IMAGE img.axy /tmp/tmp.removelines.esDpsm
removelines.py: Removed 0 sources
Sorting by brightness: input=/tmp/tmp.removelines.esDpsm, output=/tmp/tmp.sorted.HByz3i, column=FLUX_AUTO.
Reading sort column "FLUX_AUTO"
Sorting sort column
mmapping input file
Copying table header.
Writing row 0
Done
Running: /usr/bin/python3 -m astrometry.util.uniformize -n 10 -X X_IMAGE -Y Y_IMAGE /tmp/tmp.sorted.HByz3i /tmp/tmp.uniform.K4ofXj
Uniformizing into 3 x 3 bins
Image bounds: x [9.99916,1525.98], y [53.9555,1519]
Scale range: 2 to 4 arcsec/pixel
Writing headers to file ./img.axy
Copying data block of file /tmp/tmp.uniform.K4ofXj to output ./img.axy.
Deleting temp file /tmp/tmp.removelines.esDpsm
Deleting temp file /tmp/tmp.sorted.HByz3i
Deleting temp file /tmp/tmp.uniform.K4ofXj
Solving...
Running:
  /usr/bin/astrometry-engine --verbose --config backend.cfg ./img.axy
Trying index /var/gavo/astrometry-indexes/index-2mass-15.fits...
Trying path /var/gavo/astrometry-indexes/index-2mass-15.fits...
Index name "/var/gavo/astrometry-indexes/index-2mass-15.fits" is readable, using as index filename
Index name "/var/gavo/astrometry-indexes/index-2mass-15.fits" is readable, using as index filename
Index name "/var/gavo/astrometry-indexes/index-2mass-15.fits" is readable, using as index filename
Index name "/var/gavo/astrometry-indexes/index-2mass-15.fits" is readable, using as index filename
Index scale: [340, 480] arcmin, [20400, 28800] arcsec
Index has 19200 quads and 12000 stars
Trying index /var/gavo/astrometry-indexes/index-2mass-11.fits...
Trying path /var/gavo/astrometry-indexes/index-2mass-11.fits...
Index name "/var/gavo/astrometry-indexes/index-2mass-11.fits" is readable, using as index filename
Index name "/var/gavo/astrometry-indexes/index-2mass-11.fits" is readable, using as index filename
Index name "/var/gavo/astrometry-indexes/index-2mass-11.fits" is readable, using as index filename
Index name "/var/gavo/astrometry-indexes/index-2mass-11.fits" is readable, using as index filename
Index scale: [85, 120] arcmin, [5100, 7200] arcsec
Index has 292032 quads and 182520 stars
Trying index /var/gavo/astrometry-indexes/index-2mass-09.fits...
Trying path /var/gavo/astrometry-indexes/index-2mass-09.fits...
Index name "/var/gavo/astrometry-indexes/index-2mass-09.fits" is readable, using as index filename
Index name "/var/gavo/astrometry-indexes/index-2mass-09.fits" is readable, using as index filename
Index name "/var/gavo/astrometry-indexes/index-2mass-09.fits" is readable, using as index filename
Index name "/var/gavo/astrometry-indexes/index-2mass-09.fits" is readable, using as index filename
Index scale: [42, 60] arcmin, [2520, 3600] arcsec
Index has 1168128 quads and 730080 stars
Trying index /var/gavo/astrometry-indexes/index-2mass-19.fits...
Trying path /var/gavo/astrometry-indexes/index-2mass-19.fits...
Index name "/var/gavo/astrometry-indexes/index-2mass-19.fits" is readable, using as index filename
Index name "/var/gavo/astrometry-indexes/index-2mass-19.fits" is readable, using as index filename
Index name "/var/gavo/astrometry-indexes/index-2mass-19.fits" is readable, using as index filename
Index name "/var/gavo/astrometry-indexes/index-2mass-19.fits" is readable, using as index filename
Index scale: [1400, 2000] arcmin, [84000, 120000] arcsec
Index has 1728 quads and 1080 stars
Trying index /var/gavo/astrometry-indexes/index-2mass-18.fits...
Trying path /var/gavo/astrometry-indexes/index-2mass-18.fits...
Index name "/var/gavo/astrometry-indexes/index-2mass-18.fits" is readable, using as index filename
Index name "/var/gavo/astrometry-indexes/index-2mass-18.fits" is readable, using as index filename
Index name "/var/gavo/astrometry-indexes/index-2mass-18.fits" is readable, using as index filename
Index name "/var/gavo/astrometry-indexes/index-2mass-18.fits" is readable, using as index filename
Index scale: [1000, 1400] arcmin, [60000, 84000] arcsec
Index has 3072 quads and 1920 stars
Trying index /var/gavo/astrometry-indexes/index-2mass-14.fits...
Trying path /var/gavo/astrometry-indexes/index-2mass-14.fits...
Index name "/var/gavo/astrometry-indexes/index-2mass-14.fits" is readable, using as index filename
Index name "/var/gavo/astrometry-indexes/index-2mass-14.fits" is readable, using as index filename
Index name "/var/gavo/astrometry-indexes/index-2mass-14.fits" is readable, using as index filename
Index name "/var/gavo/astrometry-indexes/index-2mass-14.fits" is readable, using as index filename
Index scale: [240, 340] arcmin, [14400, 20400] arcsec
Index has 37632 quads and 23520 stars
Trying index /var/gavo/astrometry-indexes/index-2mass-10.fits...
Trying path /var/gavo/astrometry-indexes/index-2mass-10.fits...
Index name "/var/gavo/astrometry-indexes/index-2mass-10.fits" is readable, using as index filename
Index name "/var/gavo/astrometry-indexes/index-2mass-10.fits" is readable, using as index filename
Index name "/var/gavo/astrometry-indexes/index-2mass-10.fits" is readable, using as index filename
Index name "/var/gavo/astrometry-indexes/index-2mass-10.fits" is readable, using as index filename
Index scale: [60, 85] arcmin, [3600, 5100] arcsec
Index has 580800 quads and 363000 stars
Trying index /var/gavo/astrometry-indexes/index-2mass-08.fits...
Trying path /var/gavo/astrometry-indexes/index-2mass-08.fits...
Index name "/var/gavo/astrometry-indexes/index-2mass-08.fits" is readable, using as index filename
Index name "/var/gavo/astrometry-indexes/index-2mass-08.fits" is readable, using as index filename
Index name "/var/gavo/astrometry-indexes/index-2mass-08.fits" is readable, using as index filename
Index name "/var/gavo/astrometry-indexes/index-2mass-08.fits" is readable, using as index filename
Index scale: [30, 42] arcmin, [1800, 2520] arcsec
Index has 2323200 quads and 1452000 stars
Trying index /var/gavo/astrometry-indexes/index-2mass-16.fits...
Trying path /var/gavo/astrometry-indexes/index-2mass-16.fits...
Index name "/var/gavo/astrometry-indexes/index-2mass-16.fits" is readable, using as index filename
Index name "/var/gavo/astrometry-indexes/index-2mass-16.fits" is readable, using as index filename
Index name "/var/gavo/astrometry-indexes/index-2mass-16.fits" is readable, using as index filename
Index name "/var/gavo/astrometry-indexes/index-2mass-16.fits" is readable, using as index filename
Index scale: [480, 680] arcmin, [28800, 40800] arcsec
Index has 9408 quads and 5880 stars
Trying index /var/gavo/astrometry-indexes/index-2mass-12.fits...
Trying path /var/gavo/astrometry-indexes/index-2mass-12.fits...
Index name "/var/gavo/astrometry-indexes/index-2mass-12.fits" is readable, using as index filename
Index name "/var/gavo/astrometry-indexes/index-2mass-12.fits" is readable, using as index filename
Index name "/var/gavo/astrometry-indexes/index-2mass-12.fits" is readable, using as index filename
Index name "/var/gavo/astrometry-indexes/index-2mass-12.fits" is readable, using as index filename
Index scale: [120, 170] arcmin, [7200, 10200] arcsec
Index has 150528 quads and 94080 stars
Trying index /var/gavo/astrometry-indexes/index-2mass-17.fits...
Trying path /var/gavo/astrometry-indexes/index-2mass-17.fits...
Index name "/var/gavo/astrometry-indexes/index-2mass-17.fits" is readable, using as index filename
Index name "/var/gavo/astrometry-indexes/index-2mass-17.fits" is readable, using as index filename
Index name "/var/gavo/astrometry-indexes/index-2mass-17.fits" is readable, using as index filename
Index name "/var/gavo/astrometry-indexes/index-2mass-17.fits" is readable, using as index filename
Index scale: [680, 1000] arcmin, [40800, 60000] arcsec
Index has 4800 quads and 3000 stars
Trying index /var/gavo/astrometry-indexes/index-2mass-13.fits...
Trying path /var/gavo/astrometry-indexes/index-2mass-13.fits...
Index name "/var/gavo/astrometry-indexes/index-2mass-13.fits" is readable, using as index filename
Index name "/var/gavo/astrometry-indexes/index-2mass-13.fits" is readable, using as index filename
Index name "/var/gavo/astrometry-indexes/index-2mass-13.fits" is readable, using as index filename
Index name "/var/gavo/astrometry-indexes/index-2mass-13.fits" is readable, using as index filename
Index scale: [170, 240] arcmin, [10200, 14400] arcsec
Index has 76800 quads and 48000 stars
Reading file "./img.axy"...
Set odds ratio to solve to 1e+09 (log = 20.7233)
Running solver:
solver run parameters:
indexes:
  /var/gavo/astrometry-indexes/index-2mass-11.fits
  /var/gavo/astrometry-indexes/index-2mass-09.fits
  /var/gavo/astrometry-indexes/index-2mass-10.fits
  /var/gavo/astrometry-indexes/index-2mass-08.fits
  /var/gavo/astrometry-indexes/index-2mass-12.fits
fieldfname ./img.axy
fields 1 
fieldid 0
matchfname ./img.match
solved_out ./img.solved
wcs ./img.wcs
fieldid_key FIELDID
indexrdlsfname ./img.rdls
parity 2
codetol 0.01
startdepth 0
enddepth 100
fieldunits_lower 2
fieldunits_upper 4
verify_pix 1
xcolname X_IMAGE
ycolname Y_IMAGE
maxquads 0
maxmatches 0
cpulimit 120.000000
timelimit 0
total_timelimit 0
total_cpulimit 0.000000
Reading fields file ./img.axy...found 1 fields.
Solving field 1.
Solver:
  Arcsec per pix range: 2, 4
  Image size: 1528 x 1528
  Quad size range: 152.8, 0
  Objs: 0, 100
  Parity: 2, both
  Use_radec? no
  Pixel xscale: 0
  Verify_pix: 1
  Code tol: 0.01
  Dist from quad bonus: yes
  Distractor ratio: 0.25
  Log tune-up threshold: 13.8155
  Log bail threshold: -230.259
  Log stoplooking threshold: inf
  Maxquads 0
  Maxmatches 0
  Set CRPIX? no
  Tweak? yes
    Forward order 2
    Reverse order 2
  Indexes: 5
    /var/gavo/astrometry-indexes/index-2mass-11.fits
    /var/gavo/astrometry-indexes/index-2mass-09.fits
    /var/gavo/astrometry-indexes/index-2mass-10.fits
    /var/gavo/astrometry-indexes/index-2mass-08.fits
    /var/gavo/astrometry-indexes/index-2mass-12.fits
  Field (processed): 57 stars
  Field (orig): 57 stars
Quad scale range: [445.545, 5118.03] pixels
object 1 of 57: 0 quads tried, 0 matched.
object 2 of 57: 0 quads tried, 0 matched.
object 3 of 57: 0 quads tried, 0 matched.
object 4 of 57: 4 quads tried, 530 matched.
object 5 of 57: 8 quads tried, 767 matched.
object 6 of 57: 20 quads tried, 1643 matched.
Got a new best match: logodds 8.39874.
object 7 of 57: 51 quads tried, 3202 matched.
object 8 of 57: 101 quads tried, 5275 matched.
object 9 of 57: 183 quads tried, 6773 matched.
object 10 of 57: 292 quads tried, 8173 matched.
object 11 of 57: 461 quads tried, 9417 matched.
object 12 of 57: 738 quads tried, 12245 matched.
object 13 of 57: 981 quads tried, 14651 matched.
object 14 of 57: 1373 quads tried, 20759 matched.
object 15 of 57: 1909 quads tried, 28972 matched.
object 16 of 57: 2554 quads tried, 35865 matched.
object 17 of 57: 3346 quads tried, 40096 matched.
object 18 of 57: 4318 quads tried, 47532 matched.
object 19 of 57: 5426 quads tried, 56938 matched.
object 20 of 57: 6708 quads tried, 67604 matched.
object 21 of 57: 8344 quads tried, 73907 matched.
object 22 of 57: 9948 quads tried, 91082 matched.
object 23 of 57: 11936 quads tried, 108773 matched.
object 24 of 57: 14450 quads tried, 127714 matched.
Got a new best match: logodds 8.6887.
object 25 of 57: 16892 quads tried, 144207 matched.
Got a new best match: logodds 9.81277.
object 26 of 57: 20050 quads tried, 162873 matched.
object 27 of 57: 23476 quads tried, 188960 matched.
object 28 of 57: 27413 quads tried, 205598 matched.
object 29 of 57: 31643 quads tried, 221009 matched.
object 30 of 57: 37041 quads tried, 240704 matched.
object 31 of 57: 41393 quads tried, 290709 matched.
object 32 of 57: 47794 quads tried, 318715 matched.
After removing quad stars: no reference stars
object 33 of 57: 54524 quads tried, 361150 matched.
object 34 of 57: 62486 quads tried, 378744 matched.
object 35 of 57: 71226 quads tried, 400377 matched.
object 36 of 57: 80789 quads tried, 448660 matched.
object 37 of 57: 90159 quads tried, 469330 matched.
After removing quad stars: no reference stars
After removing quad stars: no reference stars
After removing quad stars: no reference stars
After removing quad stars: no reference stars
After removing quad stars: no reference stars
object 38 of 57: 99884 quads tried, 562165 matched.
object 39 of 57: 110861 quads tried, 596922 matched.
object 40 of 57: 123549 quads tried, 634922 matched.
object 41 of 57: 137558 quads tried, 680173 matched.
object 42 of 57: 151403 quads tried, 747825 matched.
object 43 of 57: 168083 quads tried, 790676 matched.
After removing quad stars: no reference stars
After removing quad stars: no reference stars
After removing quad stars: no reference stars
After removing quad stars: no reference stars
After removing quad stars: no reference stars
object 44 of 57: 184194 quads tried, 901263 matched.
Got a new best match: logodds 9.90105.
object 45 of 57: 203903 quads tried, 965039 matched.
object 46 of 57: 222938 quads tried, 1024335 matched.
object 47 of 57: 244456 quads tried, 1078214 matched.
object 48 of 57: 269614 quads tried, 1121706 matched.
object 49 of 57: 293935 quads tried, 1211246 matched.
object 50 of 57: 318879 quads tried, 1264836 matched.
object 51 of 57: 343768 quads tried, 1357484 matched.
object 52 of 57: 374842 quads tried, 1406474 matched.
After removing quad stars: no reference stars
object 53 of 57: 409532 quads tried, 1454602 matched.
object 54 of 57: 442847 quads tried, 1534840 matched.
object 55 of 57: 481222 quads tried, 1588086 matched.
object 56 of 57: 521743 quads tried, 1642397 matched.
object 57 of 57: 562028 quads tried, 1748096 matched.
Field 1: tried 562028 quads, matched 1748096 codes.
Field 1 did not solve (index index-2mass-08.fits, field objects 1-100).
Best odds encountered: 19951.3
Spent 7.46149 s user, 0.040012 s system, 7.5015 s total, 7.58045 s wall time.
cx<=dx constraints: 0
meanx constraints: 2696662
RA,Dec constraints: 0
AB scale constraints: 0
Spent 7.58082 seconds on this field.
Field: img.axy
Did not solve (or no WCS file was written).

